[    0.000000] Linux version 4.15.0-88-generic (buildd@lgw01-amd64-036) (gcc version 7.4.0 (Ubuntu 7.4.0-1ubuntu1~18.04.1)) #88-Ubuntu SMP Tue Feb 11 20:11:34 UTC 2020 (Ubuntu 4.15.0-88.88-generic 4.15.18)
[    0.000000] Command line: BOOT_IMAGE=/boot/vmlinuz-4.15.0-88-generic root=UUID=6969795d-2298-4346-a932-b89115857723 ro console=tty1 console=ttyS0
[    0.000000] KERNEL supported cpus:
[    0.000000]   Intel GenuineIntel
[    0.000000]   AMD AuthenticAMD
[    0.000000]   Centaur CentaurHauls
[    0.000000] x86/fpu: Supporting XSAVE feature 0x001: 'x87 floating point registers'
[    0.000000] x86/fpu: Supporting XSAVE feature 0x002: 'SSE registers'
[    0.000000] x86/fpu: Supporting XSAVE feature 0x004: 'AVX registers'
[    0.000000] x86/fpu: xstate_offset[2]:  576, xstate_sizes[2]:  256
[    0.000000] x86/fpu: Enabled xstate features 0x7, context size is 832 bytes, using 'standard' format.
[    0.000000] e820: BIOS-provided physical RAM map:
[    0.000000] BIOS-e820: [mem 0x0000000000000000-0x000000000009fbff] usable
[    0.000000] BIOS-e820: [mem 0x000000000009fc00-0x000000000009ffff] reserved
[    0.000000] BIOS-e820: [mem 0x00000000000f0000-0x00000000000fffff] reserved
[    0.000000] BIOS-e820: [mem 0x0000000000100000-0x00000000c77effff] usable
[    0.000000] BIOS-e820: [mem 0x00000000c77f0000-0x00000000c77fffff] ACPI data
[    0.000000] BIOS-e820: [mem 0x00000000fec00000-0x00000000fec00fff] reserved
[    0.000000] BIOS-e820: [mem 0x00000000fee00000-0x00000000fee00fff] reserved
[    0.000000] BIOS-e820: [mem 0x00000000fffc0000-0x00000000ffffffff] reserved
[    0.000000] NX (Execute Disable) protection: active
[    0.000000] SMBIOS 2.5 present.
[    0.000000] DMI: innotek GmbH VirtualBox/VirtualBox, BIOS VirtualBox 12/01/2006
[    0.000000] Hypervisor detected: KVM
[    0.000000] e820: last_pfn = 0xc77f0 max_arch_pfn = 0x400000000
[    0.000000] MTRR: Disabled
[    0.000000] x86/PAT: MTRRs disabled, skipping PAT initialization too.
[    0.000000] CPU MTRRs all blank - virtualized system.
[    0.000000] x86/PAT: Configuration [0-7]: WB  WT  UC- UC  WB  WT  UC- UC  
[    0.000000] found SMP MP-table at [mem 0x0009fff0-0x0009ffff]
[    0.000000] Scanning 1 areas for low memory corruption
[    0.000000] RAMDISK: [mem 0x3595f000-0x36ca6fff]
[    0.000000] ACPI: Early table checksum verification disabled
[    0.000000] ACPI: RSDP 0x00000000000E0000 000024 (v02 VBOX  )
[    0.000000] ACPI: XSDT 0x00000000C77F0030 00003C (v01 VBOX   VBOXXSDT 00000001 ASL  00000061)
[    0.000000] ACPI: FACP 0x00000000C77F00F0 0000F4 (v04 VBOX   VBOXFACP 00000001 ASL  00000061)
[    0.000000] ACPI: DSDT 0x00000000C77F0470 002325 (v02 VBOX   VBOXBIOS 00000002 INTL 20200214)
[    0.000000] ACPI: FACS 0x00000000C77F0200 000040
[    0.000000] ACPI: FACS 0x00000000C77F0200 000040
[    0.000000] ACPI: APIC 0x00000000C77F0240 00005C (v02 VBOX   VBOXAPIC 00000001 ASL  00000061)
[    0.000000] ACPI: SSDT 0x00000000C77F02A0 0001CC (v01 VBOX   VBOXCPUT 00000002 INTL 20200214)
[    0.000000] No NUMA configuration found
[    0.000000] Faking a node at [mem 0x0000000000000000-0x00000000c77effff]
[    0.000000] NODE_DATA(0) allocated [mem 0xc77c5000-0xc77effff]
[    0.000000] kvm-clock: cpu 0, msr 0:c7744001, primary cpu clock
[    0.000000] kvm-clock: Using msrs 4b564d01 and 4b564d00
[    0.000000] kvm-clock: using sched offset of 4678950842 cycles
[    0.000000] clocksource: kvm-clock: mask: 0xffffffffffffffff max_cycles: 0x1cd42e4dffb, max_idle_ns: 881590591483 ns
[    0.000000] Zone ranges:
[    0.000000]   DMA      [mem 0x0000000000001000-0x0000000000ffffff]
[    0.000000]   DMA32    [mem 0x0000000001000000-0x00000000c77effff]
[    0.000000]   Normal   empty
[    0.000000]   Device   empty
[    0.000000] Movable zone start for each node
[    0.000000] Early memory node ranges
[    0.000000]   node   0: [mem 0x0000000000001000-0x000000000009efff]
[    0.000000]   node   0: [mem 0x0000000000100000-0x00000000c77effff]
[    0.000000] Reserved but unavailable: 98 pages
[    0.000000] Initmem setup node 0 [mem 0x0000000000001000-0x00000000c77effff]
[    0.000000] ACPI: PM-Timer IO Port: 0x4008
[    0.000000] IOAPIC[0]: apic_id 2, version 32, address 0xfec00000, GSI 0-23
[    0.000000] ACPI: INT_SRC_OVR (bus 0 bus_irq 0 global_irq 2 dfl dfl)
[    0.000000] ACPI: INT_SRC_OVR (bus 0 bus_irq 9 global_irq 9 low level)
[    0.000000] Using ACPI (MADT) for SMP configuration information
[    0.000000] smpboot: Allowing 2 CPUs, 0 hotplug CPUs
[    0.000000] PM: Registered nosave memory: [mem 0x00000000-0x00000fff]
[    0.000000] PM: Registered nosave memory: [mem 0x0009f000-0x0009ffff]
[    0.000000] PM: Registered nosave memory: [mem 0x000a0000-0x000effff]
[    0.000000] PM: Registered nosave memory: [mem 0x000f0000-0x000fffff]
[    0.000000] e820: [mem 0xc7800000-0xfebfffff] available for PCI devices
[    0.000000] Booting paravirtualized kernel on KVM
[    0.000000] clocksource: refined-jiffies: mask: 0xffffffff max_cycles: 0xffffffff, max_idle_ns: 7645519600211568 ns
[    0.000000] random: get_random_bytes called from start_kernel+0x99/0x4fd with crng_init=0
[    0.000000] setup_percpu: NR_CPUS:8192 nr_cpumask_bits:2 nr_cpu_ids:2 nr_node_ids:1
[    0.000000] percpu: Embedded 45 pages/cpu s147456 r8192 d28672 u1048576
[    0.000000] PV qspinlock hash table entries: 256 (order: 0, 4096 bytes)
[    0.000000] Built 1 zonelists, mobility grouping on.  Total pages: 804249
[    0.000000] Policy zone: DMA32
[    0.000000] Kernel command line: BOOT_IMAGE=/boot/vmlinuz-4.15.0-88-generic root=UUID=6969795d-2298-4346-a932-b89115857723 ro console=tty1 console=ttyS0
[    0.000000] Memory: 3167744K/3268152K available (12300K kernel code, 2481K rwdata, 4264K rodata, 2428K init, 2712K bss, 100408K reserved, 0K cma-reserved)
[    0.000000] SLUB: HWalign=64, Order=0-3, MinObjects=0, CPUs=2, Nodes=1
[    0.000000] Kernel/User page tables isolation: enabled
[    0.000000] ftrace: allocating 39344 entries in 154 pages
[    0.004000] Hierarchical RCU implementation.
[    0.004000] 	RCU restricting CPUs from NR_CPUS=8192 to nr_cpu_ids=2.
[    0.004000] 	Tasks RCU enabled.
[    0.004000] RCU: Adjusting geometry for rcu_fanout_leaf=16, nr_cpu_ids=2
[    0.004000] NR_IRQS: 524544, nr_irqs: 440, preallocated irqs: 16
[    0.004000] Console: colour VGA+ 80x25
[    0.004000] console [tty1] enabled
[    0.004000] console [ttyS0] enabled
[    0.004000] ACPI: Core revision 20170831
[    0.004000] ACPI: 2 ACPI AML tables successfully acquired and loaded
[    0.004000] APIC: Switch to symmetric I/O mode setup
[    0.004000] x2apic enabled
[    0.004000] Switched APIC routing to physical x2apic.
[    0.005468] ..TIMER: vector=0x30 apic1=0 pin1=2 apic2=-1 pin2=-1
[    0.008003] tsc: Detected 1799.871 MHz processor
[    0.012015] Calibrating delay loop (skipped) preset value.. 3599.74 BogoMIPS (lpj=7199484)
[    0.014158] pid_max: default: 32768 minimum: 301
[    0.015425] Security Framework initialized
[    0.016003] Yama: becoming mindful.
[    0.016984] AppArmor: AppArmor initialized
[    0.020227] Dentry cache hash table entries: 524288 (order: 10, 4194304 bytes)
[    0.023066] Inode-cache hash table entries: 262144 (order: 9, 2097152 bytes)
[    0.024027] Mount-cache hash table entries: 8192 (order: 4, 65536 bytes)
[    0.025753] Mountpoint-cache hash table entries: 8192 (order: 4, 65536 bytes)
[    0.028382] Last level iTLB entries: 4KB 64, 2MB 8, 4MB 8
[    0.029784] Last level dTLB entries: 4KB 64, 2MB 0, 4MB 0, 1GB 4
[    0.031315] Spectre V1 : Mitigation: usercopy/swapgs barriers and __user pointer sanitization
[    0.032004] Spectre V2 : Mitigation: Full generic retpoline
[    0.033447] Spectre V2 : Spectre v2 / SpectreRSB mitigation: Filling RSB on context switch
[    0.036002] Speculative Store Bypass: Vulnerable
[    0.037300] MDS: Mitigation: Clear CPU buffers
[    0.040234] Freeing SMP alternatives memory: 36K
[    0.152401] smpboot: CPU0: Intel(R) Core(TM) i5-8250U CPU @ 1.60GHz (family: 0x6, model: 0x8e, stepping: 0xa)
[    0.155374] Performance Events: unsupported p6 CPU model 142 no PMU driver, software events only.
[    0.156055] Hierarchical SRCU implementation.
[    0.158271] NMI watchdog: Perf event create on CPU 0 failed with -2
[    0.160003] NMI watchdog: Perf NMI watchdog permanently disabled
[    0.161786] smp: Bringing up secondary CPUs ...
[    0.164947] x86: Booting SMP configuration:
[    0.166198] .... node  #0, CPUs:      #1
[    0.004000] kvm-clock: cpu 1, msr 0:c7744041, secondary cpu clock
[    0.171352] smp: Brought up 1 node, 2 CPUs
[    0.172007] smpboot: Max logical packages: 1
[    0.173140] smpboot: Total of 2 processors activated (7199.48 BogoMIPS)
[    0.175056] devtmpfs: initialized
[    0.176071] x86/mm: Memory block size: 128MB
[    0.177577] evm: security.selinux
[    0.178493] evm: security.SMACK64
[    0.180005] evm: security.SMACK64EXEC
[    0.180996] evm: security.SMACK64TRANSMUTE
[    0.182087] evm: security.SMACK64MMAP
[    0.183074] evm: security.apparmor
[    0.184003] evm: security.ima
[    0.184841] evm: security.capability
[    0.185872] clocksource: jiffies: mask: 0xffffffff max_cycles: 0xffffffff, max_idle_ns: 7645041785100000 ns
[    0.188020] futex hash table entries: 512 (order: 3, 32768 bytes)
[    0.189819] pinctrl core: initialized pinctrl subsystem
[    0.192148] RTC time: 13:21:55, date: 03/09/20
[    0.193586] NET: Registered protocol family 16
[    0.194747] audit: initializing netlink subsys (disabled)
[    0.196042] audit: type=2000 audit(1583760121.345:1): state=initialized audit_enabled=0 res=1
[    0.198044] cpuidle: using governor ladder
[    0.200012] cpuidle: using governor menu
[    0.201022] ACPI: bus type PCI registered
[    0.201999] acpiphp: ACPI Hot Plug PCI Controller Driver version: 0.5
[    0.204157] PCI: Using configuration type 1 for base access
[    0.208081] HugeTLB registered 2.00 MiB page size, pre-allocated 0 pages
[    0.209614] ACPI: Added _OSI(Module Device)
[    0.209614] ACPI: Added _OSI(Processor Device)
[    0.212005] ACPI: Added _OSI(3.0 _SCP Extensions)
[    0.213117] ACPI: Added _OSI(Processor Aggregator Device)
[    0.214507] ACPI: Added _OSI(Linux-Dell-Video)
[    0.216004] ACPI: Added _OSI(Linux-Lenovo-NV-HDMI-Audio)
[    0.217242] ACPI: Added _OSI(Linux-HPI-Hybrid-Graphics)
[    0.218853] ACPI: Executed 1 blocks of module-level executable AML code
[    0.225136] ACPI: Interpreter enabled
[    0.225993] ACPI: (supports S0 S5)
[    0.226757] ACPI: Using IOAPIC for interrupt routing
[    0.228075] PCI: Using host bridge windows from ACPI; if necessary, use "pci=nocrs" and report a bug
[    0.230178] ACPI: Enabled 2 GPEs in block 00 to 07
[    0.239000] ACPI: PCI Root Bridge [PCI0] (domain 0000 [bus 00-ff])
[    0.240010] acpi PNP0A03:00: _OSC: OS supports [ASPM ClockPM Segments MSI]
[    0.242070] acpi PNP0A03:00: _OSC: not requesting OS control; OS requires [ExtendedConfig ASPM ClockPM MSI]
[    0.244016] acpi PNP0A03:00: fail to add MMCONFIG information, can't access extended PCI configuration space under this bridge.
[    0.246837] PCI host bridge to bus 0000:00
[    0.248005] pci_bus 0000:00: root bus resource [io  0x0000-0x0cf7 window]
[    0.249385] pci_bus 0000:00: root bus resource [io  0x0d00-0xffff window]
[    0.250762] pci_bus 0000:00: root bus resource [mem 0x000a0000-0x000bffff window]
[    0.252003] pci_bus 0000:00: root bus resource [mem 0xc7800000-0xfdffffff window]
[    0.253587] pci_bus 0000:00: root bus resource [bus 00-ff]
[    0.258018] pci 0000:00:01.1: legacy IDE quirk: reg 0x10: [io  0x01f0-0x01f7]
[    0.259470] pci 0000:00:01.1: legacy IDE quirk: reg 0x14: [io  0x03f6]
[    0.260004] pci 0000:00:01.1: legacy IDE quirk: reg 0x18: [io  0x0170-0x0177]
[    0.261430] pci 0000:00:01.1: legacy IDE quirk: reg 0x1c: [io  0x0376]
[    0.313849] pci 0000:00:07.0: quirk: [io  0x4000-0x403f] claimed by PIIX4 ACPI
[    0.315675] pci 0000:00:07.0: quirk: [io  0x4100-0x410f] claimed by PIIX4 SMB
[    0.350060] ACPI: PCI Interrupt Link [LNKA] (IRQs 5 9 10 *11)
[    0.352096] ACPI: PCI Interrupt Link [LNKB] (IRQs 5 9 *10 11)
[    0.353623] ACPI: PCI Interrupt Link [LNKC] (IRQs 5 *9 10 11)
[    0.355160] ACPI: PCI Interrupt Link [LNKD] (IRQs 5 9 10 *11)
[    0.356591] SCSI subsystem initialized
[    0.357676] pci 0000:00:02.0: vgaarb: setting as boot VGA device
[    0.357676] pci 0000:00:02.0: vgaarb: VGA device added: decodes=io+mem,owns=io+mem,locks=none
[    0.360009] pci 0000:00:02.0: vgaarb: bridge control possible
[    0.361340] vgaarb: loaded
[    0.362109] ACPI: bus type USB registered
[    0.364036] usbcore: registered new interface driver usbfs
[    0.365314] usbcore: registered new interface driver hub
[    0.366565] usbcore: registered new device driver usb
[    0.368079] EDAC MC: Ver: 3.0.0
[    0.369190] PCI: Using ACPI for IRQ routing
[    0.369483] NetLabel: Initializing
[    0.372005] NetLabel:  domain hash size = 128
[    0.373053] NetLabel:  protocols = UNLABELED CIPSOv4 CALIPSO
[    0.374409] NetLabel:  unlabeled traffic allowed by default
[    0.376122] clocksource: Switched to clocksource kvm-clock
[    0.395821] VFS: Disk quotas dquot_6.6.0
[    0.397078] VFS: Dquot-cache hash table entries: 512 (order 0, 4096 bytes)
[    0.398858] AppArmor: AppArmor Filesystem Enabled
[    0.400121] pnp: PnP ACPI init
[    0.402519] pnp: PnP ACPI: found 3 devices
[    0.414919] clocksource: acpi_pm: mask: 0xffffff max_cycles: 0xffffff, max_idle_ns: 2085701024 ns
[    0.417322] NET: Registered protocol family 2
[    0.418732] TCP established hash table entries: 32768 (order: 6, 262144 bytes)
[    0.420672] TCP bind hash table entries: 32768 (order: 7, 524288 bytes)
[    0.422417] TCP: Hash tables configured (established 32768 bind 32768)
[    0.424052] UDP hash table entries: 2048 (order: 4, 65536 bytes)
[    0.425578] UDP-Lite hash table entries: 2048 (order: 4, 65536 bytes)
[    0.427179] NET: Registered protocol family 1
[    0.428310] pci 0000:00:00.0: Limiting direct PCI/PCI transfers
[    0.429981] pci 0000:00:01.0: Activating ISA DMA hang workarounds
[    0.431729] pci 0000:00:02.0: Video device with shadowed ROM at [mem 0x000c0000-0x000dffff]
[    0.434033] Unpacking initramfs...
[    0.877944] Freeing initrd memory: 19744K
[    0.879154] clocksource: tsc: mask: 0xffffffffffffffff max_cycles: 0x19f1afb6df9, max_idle_ns: 440795282544 ns
[    0.881534] platform rtc_cmos: registered platform RTC device (no PNP device found)
[    0.883299] Scanning for low memory corruption every 60 seconds
[    0.885655] Initialise system trusted keyrings
[    0.886696] Key type blacklist registered
[    0.887795] workingset: timestamp_bits=36 max_order=20 bucket_order=0
[    0.891512] zbud: loaded
[    0.893018] squashfs: version 4.0 (2009/01/31) Phillip Lougher
[    0.894754] fuse init (API version 7.26)
[    0.901721] Key type asymmetric registered
[    0.902729] Asymmetric key parser 'x509' registered
[    0.904017] Block layer SCSI generic (bsg) driver version 0.4 loaded (major 246)
[    0.905881] io scheduler noop registered
[    0.906793] io scheduler deadline registered
[    0.907892] io scheduler cfq registered (default)
[    0.909513] ACPI: AC Adapter [AC] (off-line)
[    0.910622] input: Power Button as /devices/LNXSYSTM:00/LNXPWRBN:00/input/input0
[    0.912481] ACPI: Power Button [PWRF]
[    0.913437] input: Sleep Button as /devices/LNXSYSTM:00/LNXSLPBN:00/input/input1
[    0.915098] ACPI: Sleep Button [SLPF]
[    0.917275] ACPI: Battery Slot [BAT0] (battery present)
[    0.918798] Serial: 8250/16550 driver, 32 ports, IRQ sharing enabled
[    0.942268] 00:02: ttyS0 at I/O 0x3f8 (irq = 4, base_baud = 115200) is a 16550A
[    0.947945] Linux agpgart interface v0.103
[    0.950939] loop: module loaded
[    0.952364] scsi host0: ata_piix
[    0.953334] scsi host1: ata_piix
[    0.954117] ata1: PATA max UDMA/33 cmd 0x1f0 ctl 0x3f6 bmdma 0xd000 irq 14
[    0.955534] ata2: PATA max UDMA/33 cmd 0x170 ctl 0x376 bmdma 0xd008 irq 15
[    0.957113] libphy: Fixed MDIO Bus: probed
[    0.958050] tun: Universal TUN/TAP device driver, 1.6
[    0.959251] PPP generic driver version 2.4.2
[    0.960353] ehci_hcd: USB 2.0 'Enhanced' Host Controller (EHCI) Driver
[    0.961720] ehci-pci: EHCI PCI platform driver
[    0.962650] ehci-platform: EHCI generic platform driver
[    0.963723] ohci_hcd: USB 1.1 'Open' Host Controller (OHCI) Driver
[    0.965041] ohci-pci: OHCI PCI platform driver
[    0.966017] ohci-platform: OHCI generic platform driver
[    0.967117] uhci_hcd: USB Universal Host Controller Interface driver
[    0.968459] i8042: PNP: PS/2 Controller [PNP0303:PS2K,PNP0f03:PS2M] at 0x60,0x64 irq 1,12
[    0.970628] serio: i8042 KBD port at 0x60,0x64 irq 1
[    0.971677] serio: i8042 AUX port at 0x60,0x64 irq 12
[    0.972998] mousedev: PS/2 mouse device common for all mice
[    0.974956] input: AT Translated Set 2 keyboard as /devices/platform/i8042/serio0/input/input2
[    0.977002] rtc_cmos rtc_cmos: rtc core: registered rtc_cmos as rtc0
[    0.978386] rtc_cmos rtc_cmos: alarms up to one day, 114 bytes nvram
[    0.979712] i2c /dev entries driver
[    0.980593] device-mapper: uevent: version 1.0.3
[    0.981716] device-mapper: ioctl: 4.37.0-ioctl (2017-09-20) initialised: dm-devel@redhat.com
[    0.983605] ledtrig-cpu: registered to indicate activity on CPUs
[    0.985560] NET: Registered protocol family 10
[    0.992868] Segment Routing with IPv6
[    0.993738] NET: Registered protocol family 17
[    0.994783] Key type dns_resolver registered
[    0.996013] mce: Using 0 MCE banks
[    0.996854] RAS: Correctable Errors collector initialized.
[    0.998108] sched_clock: Marking stable (996818525, 0)->(1283307753, -286489228)
[    1.000435] registered taskstats version 1
[    1.001342] Loading compiled-in X.509 certificates
[    1.005992] Loaded X.509 cert 'Build time autogenerated kernel key: f0020782f0d3a548186fb3f47aed88387a71e859'
[    1.008239] zswap: loaded using pool lzo/zbud
[    1.014774] Key type big_key registered
[    1.015682] Key type trusted registered
[    1.019491] Key type encrypted registered
[    1.020475] AppArmor: AppArmor sha1 policy hashing enabled
[    1.021696] ima: No TPM chip found, activating TPM-bypass! (rc=-19)
[    1.023066] ima: Allocated hash algorithm: sha1
[    1.024190] evm: HMAC attrs: 0x1
[    1.025318]   Magic number: 12:856:381
[    1.026390] rtc_cmos rtc_cmos: setting system clock to 2020-03-09 13:21:56 UTC (1583760116)
[    1.028440] BIOS EDD facility v0.16 2004-Jun-25, 0 devices found
[    1.029758] EDD information not available.
[    1.155804] Freeing unused kernel image memory: 2428K
[    1.168265] Write protecting the kernel read-only data: 20480k
[    1.173879] Freeing unused kernel image memory: 2008K
[    1.178028] Freeing unused kernel image memory: 1880K
[    1.218026] x86/mm: Checked W+X mappings: passed, no W+X pages found.
[    1.221656] x86/mm: Checking user space page tables
[    1.248987] x86/mm: Checked W+X mappings: passed, no W+X pages found.
Loading, please wait...
starting version 237
[    1.389892] e1000: Intel(R) PRO/1000 Network Driver - version 7.3.21-k8-NAPI
[    1.391726] e1000: Copyright (c) 1999-2006 Intel Corporation.
[    1.393536] Fusion MPT base driver 3.04.20
[    1.394650] Copyright (c) 1999-2008 LSI Corporation
[    1.442299] AVX2 version of gcm_enc/dec engaged.
[    1.443594] AES CTR mode by8 optimization enabled
[    1.454157] Fusion MPT SPI Host driver 3.04.20
[    1.631389] input: ImExPS/2 Generic Explorer Mouse as /devices/platform/i8042/serio1/input/input4
[    1.806394] e1000 0000:00:03.0 eth0: (PCI:33MHz:32-bit) 02:22:e7:1f:39:14
[    1.808391] e1000 0000:00:03.0 eth0: Intel(R) PRO/1000 Network Connection
[    2.232617] e1000 0000:00:08.0 eth1: (PCI:33MHz:32-bit) 08:00:27:41:c1:cb
[    2.234517] e1000 0000:00:08.0 eth1: Intel(R) PRO/1000 Network Connection
[    2.238489] e1000 0000:00:08.0 enp0s8: renamed from eth1
[    2.240526] mptbase: ioc0: Initiating bringup
[    2.256535] e1000 0000:00:03.0 enp0s3: renamed from eth0
[    2.532876] ioc0: LSI53C1030 A0: Capabilities={Initiator}
[    4.318083] scsi host2: ioc0: LSI53C1030 A0, FwRev=00000000h, Ports=1, MaxQ=256, IRQ=20
[    5.573705] scsi 2:0:0:0: Direct-Access     VBOX     HARDDISK         1.0  PQ: 0 ANSI: 5
[    5.612207] scsi target2:0:0: Beginning Domain Validation
[    5.620552] scsi target2:0:0: Domain Validation skipping write tests
[    5.623980] scsi target2:0:0: Ending Domain Validation
[    5.627192] scsi target2:0:0: asynchronous
[    5.630988] scsi 2:0:1:0: Direct-Access     VBOX     HARDDISK         1.0  PQ: 0 ANSI: 5
[    5.664237] scsi target2:0:1: Beginning Domain Validation
[    5.670595] random: fast init done
[    5.673978] scsi target2:0:1: Domain Validation skipping write tests
[    5.677426] scsi target2:0:1: Ending Domain Validation
[    5.680394] scsi target2:0:1: asynchronous
[    5.699739] random: systemd-udevd: uninitialized urandom read (16 bytes read)
[    5.703906] random: systemd-udevd: uninitialized urandom read (16 bytes read)
[    5.704244] sd 2:0:0:0: Attached scsi generic sg0 type 0
[    5.707850] random: systemd-udevd: uninitialized urandom read (16 bytes read)
[    5.714997] sd 2:0:0:0: [sda] 20971520 512-byte logical blocks: (10.7 GB/10.0 GiB)
[    5.719842] sd 2:0:0:0: [sda] Write Protect is off
[    5.722982] sd 2:0:1:0: Attached scsi generic sg1 type 0
[    5.726414] sd 2:0:1:0: [sdb] 20480 512-byte logical blocks: (10.5 MB/10.0 MiB)
[    5.728232] sd 2:0:0:0: [sda] Incomplete mode parameter data
[    5.733717] sd 2:0:0:0: [sda] Assuming drive cache: write through
[    5.733885] sd 2:0:1:0: [sdb] Write Protect is off
[    5.740657] sd 2:0:1:0: [sdb] Incomplete mode parameter data
[    5.743864] sd 2:0:1:0: [sdb] Assuming drive cache: write through
[    5.834782]  sda: sda1
[    5.839972] sd 2:0:0:0: [sda] Attached SCSI disk
[    5.871869] sd 2:0:1:0: [sdb] Attached SCSI disk
Begin: Loading essential drivers ... [    7.664104] raid6: sse2x1   gen()  5974 MB/s
[    7.712114] raid6: sse2x1   xor()  4307 MB/s
[    7.760089] raid6: sse2x2   gen()  9081 MB/s
[    7.808098] raid6: sse2x2   xor()  6091 MB/s
[    7.856083] raid6: sse2x4   gen() 10317 MB/s
[    7.904096] raid6: sse2x4   xor()  6514 MB/s
[    7.952099] raid6: avx2x1   gen() 14303 MB/s
[    8.000085] raid6: avx2x1   xor() 10250 MB/s
[    8.048081] raid6: avx2x2   gen() 17183 MB/s
[    8.096082] raid6: avx2x2   xor() 11164 MB/s
[    8.144083] raid6: avx2x4   gen() 19870 MB/s
[    8.192090] raid6: avx2x4   xor() 12730 MB/s
[    8.193036] raid6: using algorithm avx2x4 gen() 19870 MB/s
[    8.194153] raid6: .... xor() 12730 MB/s, rmw enabled
[    8.195182] raid6: using avx2x2 recovery algorithm
[    8.197924] xor: automatically using best checksumming function   avx       
[    8.201217] async_tx: api initialized (async)
done.
Begin: Running /scripts/init-premount ... done.
Begin: Mounting root file system ... Begin: Running /scripts/local-top ... done.
Begin: Running /scripts/local-premount ... [    8.265650] Btrfs loaded, crc32c=crc32c-intel
Scanning for Btrfs filesystems
done.
Warning: fsck not present, so skipping root file system
[    8.313094] EXT4-fs (sda1): INFO: recovery required on readonly filesystem
[    8.314791] EXT4-fs (sda1): write access will be enabled during recovery
[    8.604484] EXT4-fs (sda1): orphan cleanup on readonly fs
[    8.626657] EXT4-fs (sda1): 7 orphan inodes deleted
[    8.630399] EXT4-fs (sda1): recovery complete
[    8.636948] EXT4-fs (sda1): mounted filesystem with ordered data mode. Opts: (null)
done.
Begin: Running /scripts/local-bottom ... done.
Begin: Running /scripts/init-bottom ... done.
[    9.740497] ip_tables: (C) 2000-2006 Netfilter Core Team
[    9.831992] systemd[1]: systemd 237 running in system mode. (+PAM +AUDIT +SELINUX +IMA +APPARMOR +SMACK +SYSVINIT +UTMP +LIBCRYPTSETUP +GCRYPT +GNUTLS +ACL +XZ +LZ4 +SECCOMP +BLKID +ELFUTILS +KMOD -IDN2 +IDN -PCRE2 default-hierarchy=hybrid)
[    9.843814] systemd[1]: Detected virtualization oracle.
[    9.847740] systemd[1]: Detected architecture x86-64.

Welcome to [1mUbuntu 18.04.3 LTS[0m!

[    9.886515] systemd[1]: Set hostname to <ubuntu-bionic>.
[   10.226618] random: crng init done
[   10.228740] random: 7 urandom warning(s) missed due to ratelimiting
[   11.624729] systemd[1]: Set up automount Arbitrary Executable File Formats File System Automount Point.
[[0;32m  OK  [0m] Set up automount Arbitrary Executab…rmats File System Automount Point.
[   11.638687] systemd[1]: Created slice User and Session Slice.
[[0;32m  OK  [0m] Created slice User and Session Slice.
[   11.645245] systemd[1]: Created slice System Slice.
[[0;32m  OK  [0m] Created slice System Slice.
[   11.650125] systemd[1]: Listening on udev Control Socket.
[[0;32m  OK  [0m] Listening on udev Control Socket.
[   11.655619] systemd[1]: Listening on Journal Socket.
[[0;32m  OK  [0m] Listening on Journal Socket.
[   11.666766] systemd[1]: Starting Load Kernel Modules...
         Starting Load Kernel Modules...
[[0;32m  OK  [0m] Listening on Journal Audit Socket.
[[0;32m  OK  [0m] Listening on Syslog Socket.
[[0;32m  OK  [0m] Created slice system-serial\x2dgetty.slice.
         Mounting Kernel Debug File System...
[[0;32m  OK  [0m] Listening on Journal Socket (/dev/log).
         Starting Journal Service...
[[0;32m  OK  [0m] Reached target Slices.
[[0;32m  OK  [0m] Listening on LVM2 metadata daemon socket.
[[0;32m  OK  [0m] Listening on LVM2 poll daemon socket.
         Starting Set the console keyboard layout...
[[0;32m  OK  [0m] Listening on udev Kernel Socket.
         Starting udev Coldplug all Devices...
[[0;32m  OK  [0m] Listening on /dev/initctl Compatibility Named Pipe.
[[0;32m  OK  [0m] Reached target User and Group Name Lookups.
[[0;32m  OK  [0m] Reached target System Time Synchronized.
         Starting Create list of required st…ce nodes for the current kernel...
[[0;32m  OK  [0m] Started Forward Password Requests to Wall Directory Watch.
[[0;32m  OK  [0m] Reached target Swap.
         Starting Uncomplicated firewall...
[[0;32m  OK  [0m] Listening on Device-mapper event daemon FIFOs.
         Starting Monitoring of LVM2 mirrors…ng dmeventd or progress polling...
[[0;32m  OK  [0m] Listening on Network Service Netlink Socket.
         Mounting Huge Pages File System...
         Mounting POSIX Message Queue File System...
         Starting Remount Root and Kernel File Systems...
[[0;32m  OK  [0m] Mounted Kernel Debug File System.
[[0;32m  OK  [0m] Mounted Huge Pages File System.
[[0;32m  OK  [0m] Mounted POSIX Message Queue File System.
[[0;32m  OK  [0m] Started Create list of required sta…vice nodes for the current kernel.
         Starting Create Static Device Nodes in /dev...
[[0;32m  OK  [0m] Started Uncomplicated firewall.
[[0;32m  OK  [0m] Started udev Coldplug all Devices.
[   11.870793] EXT4-fs (sda1): re-mounted. Opts: (null)
[[0;32m  OK  [0m] Started Remount Root and Kernel File Systems.
[   12.038994] Loading iSCSI transport class v2.0-870.
         Starting Load/Save Random Seed...
[[0;32m  OK  [0m] Started Journal Service.
[[0;32m  OK  [0m] Started LVM2 metadata daemon.
         Starting Flush Journal to Persistent Storage...
[   12.241693] systemd-journald[395]: Received request to flush runtime journal from PID 1
[[0;32m  OK  [0m] Started Create Static Device Nodes in /dev.
[   12.307300] iscsi: registered transport (tcp)
         Starting udev Kernel Device Manager...
[[0;32m  OK  [0m] Started Load/Save Random Seed.
[[0;32m  OK  [0m] Started Set the console keyboard layout.
[   12.547945] iscsi: registered transport (iser)
[[0;32m  OK  [0m] Started Load Kernel Modules.
         Starting Apply Kernel Variables...
         Mounting FUSE Control File System...
         Mounting Kernel Configuration File System...
[[0;32m  OK  [0m] Started Monitoring of LVM2 mirrors,…sing dmeventd or progress polling.
[[0;32m  OK  [0m] Mounted FUSE Control File System.
[[0;32m  OK  [0m] Mounted Kernel Configuration File System.
[[0;32m  OK  [0m] Reached target Local File Systems (Pre).
[[0;32m  OK  [0m] Reached target Local File Systems.
         Starting Set console font and keymap...
         Starting AppArmor initialization...
         Starting Tell Plymouth To Write Out Runtime Data...
         Starting ebtables ruleset management...
[[0;32m  OK  [0m] Started Set console font and keymap.
[[0;32m  OK  [0m] Started Tell Plymouth To Write Out Runtime Data.
[   13.026611] systemd-journald[395]: File /var/log/journal/c884c742d4f444bd8db3b0ed575e7f70/system.journal corrupted or uncleanly shut down, renaming and replacing.
[[0;32m  OK  [0m] Started Apply Kernel Variables.
[[0;32m  OK  [0m] Started Flush Journal to Persistent Storage.
         Starting Create Volatile Files and Directories...
[[0;32m  OK  [0m] Started ebtables ruleset management.
[[0;32m  OK  [0m] Started udev Kernel Device Manager.
[[0;32m  OK  [0m] Started Dispatch Password Requests to Console Directory Watch.
[[0;32m  OK  [0m] Reached target Local Encrypted Volumes.
[[0;32m  OK  [0m] Found device /dev/ttyS0.
[[0;32m  OK  [0m] Started Create Volatile Files and Directories.
         Starting Update UTMP about System Boot/Shutdown...
[[0;32m  OK  [0m] Started Update UTMP about System Boot/Shutdown.
[[0;32m  OK  [0m] Listening on Load/Save RF Kill Switch Status /dev/rfkill Watch.
[[0;32m  OK  [0m] Started AppArmor initialization.
         Starting Initial cloud-init job (pre-networking)...
[   21.165306] cloud-init[534]: Cloud-init v. 19.3-41-gc4735dd3-0ubuntu1~18.04.1 running 'init-local' at Mon, 09 Mar 2020 13:22:15 +0000. Up 20.29 seconds.
[[0;32m  OK  [0m] Started Initial cloud-init job (pre-networking).
[[0;32m  OK  [0m] Reached target Network (Pre).
         Starting Network Service...
[[0;32m  OK  [0m] Started Network Service.
         Starting Wait for Network to be Configured...
         Starting Network Name Resolution...
[[0;32m  OK  [0m] Started Network Name Resolution.
[[0;32m  OK  [0m] Reached target Host and Network Name Lookups.
[[0;32m  OK  [0m] Reached target Network.
[[0;32m  OK  [0m] Started Wait for Network to be Configured.
         Starting Initial cloud-init job (metadata service crawler)...
[   23.965576] cloud-init[665]: Cloud-init v. 19.3-41-gc4735dd3-0ubuntu1~18.04.1 running 'init' at Mon, 09 Mar 2020 13:22:19 +0000. Up 23.75 seconds.
[   23.967697] cloud-init[665]: ci-info: ++++++++++++++++++++++++++++++++++++++Net device info+++++++++++++++++++++++++++++++++++++++
[   23.970551] cloud-init[665]: ci-info: +--------+------+-----------------------------+---------------+--------+-------------------+
[   23.973329] cloud-init[665]: ci-info: | Device |  Up  |           Address           |      Mask     | Scope  |     Hw-Address    |
[   23.976066] cloud-init[665]: ci-info: +--------+------+-----------------------------+---------------+--------+-------------------+
[   23.978863] cloud-init[665]: ci-info: | enp0s3 | True |          10.0.2.15          | 255.255.255.0 | global | 02:22:e7:1f:39:14 |
[   23.981673] cloud-init[665]: ci-info: | enp0s3 | True |  fe80::22:e7ff:fe1f:3914/64 |       .       |  link  | 02:22:e7:1f:39:14 |
[   23.984484] cloud-init[665]: ci-info: | enp0s8 | True |        192.168.56.111       | 255.255.255.0 | global | 08:00:27:41:c1:cb |
[   23.987238] cloud-init[665]: ci-info: | enp0s8 | True | fe80::a00:27ff:fe41:c1cb/64 |       .       |  link  | 08:00:27:41:c1:cb |
[   23.990008] cloud-init[665]: ci-info: |   lo   | True |          127.0.0.1          |   255.0.0.0   |  host  |         .         |
[   23.992637] cloud-init[665]: ci-info: |   lo   | True |           ::1/128           |       .       |  host  |         .         |
[   23.995271] cloud-init[665]: ci-info: +--------+------+-----------------------------+---------------+--------+-------------------+
[   23.997910] cloud-init[665]: ci-info: +++++++++++++++++++++++++++++Route IPv4 info+++++++++++++++++++++++++++++
[   24.000227] cloud-init[665]: ci-info: +-------+--------------+----------+-----------------+-----------+-------+
[   24.002525] cloud-init[665]: ci-info: | Route | Destination  | Gateway  |     Genmask     | Interface | Flags |
[   24.004854] cloud-init[665]: ci-info: +-------+--------------+----------+-----------------+-----------+-------+
[   24.007135] cloud-init[665]: ci-info: |   0   |   0.0.0.0    | 10.0.2.2 |     0.0.0.0     |   enp0s3  |   UG  |
[   24.009454] cloud-init[665]: ci-info: |   1   |   10.0.2.0   | 0.0.0.0  |  255.255.255.0  |   enp0s3  |   U   |
[   24.011738] cloud-init[665]: ci-info: |   2   |   10.0.2.2   | 0.0.0.0  | 255.255.255.255 |   enp0s3  |   UH  |
[   24.014121] cloud-init[665]: ci-info: |   3   | 192.168.56.0 | 0.0.0.0  |  255.255.255.0  |   enp0s8  |   U   |
[   24.016474] cloud-init[665]: ci-info: +-------+--------------+----------+-----------------+-----------+-------+
[   24.018804] cloud-init[665]: ci-info: +++++++++++++++++++Route IPv6 info+++++++++++++++++++
[   24.020809] cloud-init[665]: ci-info: +-------+-------------+---------+-----------+-------+
[   24.022766] cloud-init[665]: ci-info: | Route | Destination | Gateway | Interface | Flags |
[   24.024803] cloud-init[665]: ci-info: +-------+-------------+---------+-----------+-------+
[   24.026762] cloud-init[665]: ci-info: |   1   |  fe80::/64  |    ::   |   enp0s8  |   U   |
[   24.028770] cloud-init[665]: ci-info: |   2   |  fe80::/64  |    ::   |   enp0s3  |   U   |
[   24.030781] cloud-init[665]: ci-info: |   4   |    local    |    ::   |   enp0s3  |   U   |
[   24.032811] cloud-init[665]: ci-info: |   5   |    local    |    ::   |   enp0s8  |   U   |
[   24.044290] cloud-init[665]: ci-info: |   6   |   ff00::/8  |    ::   |   enp0s8  |   U   |
[   24.045494] cloud-init[665]: ci-info: |   7   |   ff00::/8  |    ::   |   enp0s3  |   U   |
[   24.047121] cloud-init[665]: ci-info: +-------+-------------+---------+-----------+-------+
[[0;32m  OK  [0m] Started Initial cloud-init job (metadata service crawler).
[[0;32m  OK  [0m] Reached target System Initialization.
[[0;32m  OK  [0m] Listening on ACPID Listen Socket.
[[0;32m  OK  [0m] Listening on D-Bus System Message Bus Socket.
         Starting Socket activation for snappy daemon.
[[0;32m  OK  [0m] Started ACPI Events Check.
[[0;32m  OK  [0m] Reached target Paths.
[[0;32m  OK  [0m] Started Daily apt download activities.
[[0;32m  OK  [0m] Started Daily apt upgrade and clean activities.
[[0;32m  OK  [0m] Listening on Open-iSCSI iscsid Socket.
[[0;32m  OK  [0m] Started Discard unused blocks once a week.
[[0;32m  OK  [0m] Listening on UUID daemon activation socket.
         Starting LXD - unix socket.
[[0;32m  OK  [0m] Started Daily Cleanup of Temporary Directories.
[[0;32m  OK  [0m] Started Message of the Day.
[[0;32m  OK  [0m] Reached target Timers.
[[0;32m  OK  [0m] Reached target Cloud-config availability.
[[0;32m  OK  [0m] Reached target Network is Online.
         Starting Availability of block devices...
[[0;32m  OK  [0m] Reached target Remote File Systems (Pre).
[[0;32m  OK  [0m] Reached target Remote File Systems.
[[0;32m  OK  [0m] Listening on Socket activation for snappy daemon.
[[0;32m  OK  [0m] Listening on LXD - unix socket.
[[0;32m  OK  [0m] Reached target Sockets.
[[0;32m  OK  [0m] Reached target Basic System.
         Starting System Logging Service...
[[0;32m  OK  [0m] Started D-Bus System Message Bus.
[[0;32m  OK  [0m] Started FUSE filesystem for LXC.
         Starting Login Service...
         Starting LSB: automatic crash report generation...
         Starting Permit User Sessions...
[[0;32m  OK  [0m] Started Regular background program processing daemon.
         Starting Virtualbox guest utils...
[[0;32m  OK  [0m] Started irqbalance daemon.
         Starting LXD - container startup/shutdown...
         Starting Dispatcher daemon for systemd-networkd...
         Starting OpenBSD Secure Shell server...
[[0;32m  OK  [0m] Started Deferred execution scheduler.
         Starting Message of the Day...
         Starting LSB: Record successful boot for GRUB...
         Starting Discard unused blocks...
         Starting Accounts Service...
         Starting Snappy daemon...
[[0;32m  OK  [0m] Started System Logging Service.
[[0;32m  OK  [0m] Started Availability of block devices.
[[0;32m  OK  [0m] Started Permit User Sessions.
[[0;32m  OK  [0m] Started Discard unused blocks.
[[0;32m  OK  [0m] Started Login Service.
[[0;32m  OK  [0m] Started Unattended Upgrades Shutdown.
         Starting Terminate Plymouth Boot Screen...
         Starting Hold until boot process finishes up...
[[0;32m  OK  [0m] Started Hold until boot process finishes up.
[[0;32m  OK  [0m] Started Serial Getty on ttyS0.
         Starting Set console scheme...
[[0;32m  OK  [0m] Started Terminate Plymouth Boot Screen.
[[0;32m  OK  [0m] Started Set console scheme.
[[0;32m  OK  [0m] Created slice system-getty.slice.
[[0;32m  OK  [0m] Started Getty on tty1.
[[0;32m  OK  [0m] Reached target Login Prompts.
[[0;32m  OK  [0m] Started LSB: Record successful boot for GRUB.
[[0;32m  OK  [0m] Started LSB: automatic crash report generation.
         Starting Authorization Manager...
[[0;32m  OK  [0m] Started Virtualbox guest utils.
[[0;32m  OK  [0m] Started Authorization Manager.
[[0;32m  OK  [0m] Started Accounts Service.
[[0;32m  OK  [0m] Started OpenBSD Secure Shell server.
[[0;32m  OK  [0m] Started Dispatcher daemon for systemd-networkd.
[[0;32m  OK  [0m] Created slice User Slice of vagrant.
[[0;32m  OK  [0m] Started Session 1 of user vagrant.
         Starting User Manager for UID 1000...
[[0;32m  OK  [0m] Started LXD - container startup/shutdown.
[[0;32m  OK  [0m] Started Snappy daemon.
         Starting Wait until snapd is fully seeded...
[[0;32m  OK  [0m] Started Wait until snapd is fully seeded.
         Starting Apply the settings specified in cloud-config...
[[0;32m  OK  [0m] Reached target Multi-User System.
[[0;32m  OK  [0m] Reached target Graphical Interface.
         Starting Update UTMP about System Runlevel Changes...
[[0;32m  OK  [0m] Started User Manager for UID 1000.
[[0;32m  OK  [0m] Started Update UTMP about System Runlevel Changes.
[   31.677261] cloud-init[1181]: Cloud-init v. 19.3-41-gc4735dd3-0ubuntu1~18.04.1 running 'modules:config' at Mon, 09 Mar 2020 13:22:27 +0000. Up 31.39 seconds.

Ubuntu 18.04.3 LTS ubuntu-bionic ttyS0

ubuntu-bionic login: [   32.538665] cloud-init[1249]: Cloud-init v. 19.3-41-gc4735dd3-0ubuntu1~18.04.1 running 'modules:final' at Mon, 09 Mar 2020 13:22:28 +0000. Up 32.34 seconds.
[   32.542663] cloud-init[1249]: Cloud-init v. 19.3-41-gc4735dd3-0ubuntu1~18.04.1 finished at Mon, 09 Mar 2020 13:22:29 +0000. Datasource DataSourceNoCloud [seed=/dev/sdb][dsmode=net].  Up 32.52 seconds
